<component name="libraryTable">
  <library name="junit-4.11">
    <CLASSES>
      <root url="jar://D:/maven/respository/junit/junit/4.11/junit-4.11.jar!/" />
      <root url="jar://D:/maven/respository/org/hamcrest/hamcrest-core/1.3/hamcrest-core-1.3.jar!/" />
      <root url="jar://D:/maven/respository/org/hamcrest/hamcrest-all/1.3/hamcrest-all-1.3.jar!/" />
    </CLASSES>
    <JAVADOC />
    <SOURCES />
  </library>
</component>